<?xml version="1.0" encoding="UTF-8"?>
<testng-results ignored="0" total="1" passed="1" failed="0" skipped="0">
  <reporter-output>
  </reporter-output>
  <suite started-at="2024-12-01T18:58:33 IST" name="Default suite" finished-at="2024-12-01T18:59:05 IST" duration-ms="31933">
    <groups>
    </groups>
    <test started-at="2024-12-01T18:58:33 IST" name="Default test" finished-at="2024-12-01T18:59:05 IST" duration-ms="31933">
      <class name="com.travels.makemytrip">
        <test-method is-config="true" signature="setup()[pri:0, instance:com.travels.makemytrip@4c178a76]" started-at="2024-12-01T18:58:33 IST" name="setup" finished-at="2024-12-01T18:58:40 IST" duration-ms="6985" status="PASS">
          <reporter-output>
          </reporter-output>
        </test-method> <!-- setup -->
        <test-method signature="login()[pri:0, instance:com.travels.makemytrip@4c178a76]" started-at="2024-12-01T18:58:40 IST" name="login" finished-at="2024-12-01T18:59:05 IST" duration-ms="24882" status="PASS">
          <reporter-output>
          </reporter-output>
        </test-method> <!-- login -->
      </class> <!-- com.travels.makemytrip -->
    </test> <!-- Default test -->
  </suite> <!-- Default suite -->
</testng-results>
